<?xml version="1.0" encoding="UTF-8"?>
<testsuite name="Cucumber" time="16.277" tests="1" skipped="0" failures="0" errors="0">
<testcase classname="Login" name="Login in account" time="16.008">
<system-out><![CDATA[
And Enter the username......................................................passed
And Enter the password......................................................passed
And Click Login button......................................................passed
]]></system-out>
</testcase>
</testsuite>
